Lattice Timing Report -  Setup  and Hold, Version Radiant Software (64-bit) 2024.1.0.34.2

Wed Dec  4 15:32:24 2024

Copyright (c) 1991-1994 by NeoCAD Inc. All rights reserved.
Copyright (c) 1995 AT&T Corp.   All rights reserved.
Copyright (c) 1995-2001 Lucent Technologies Inc.  All rights reserved.
Copyright (c) 2001 Agere Systems   All rights reserved.
Copyright (c) 2002-2024 Lattice Semiconductor Corporation,  All rights reserved.

Command line:    timing -sethld -v 10 -u 10 -endpoints 10 -nperend 1 -sp High-Performance_1.2V -hsp m -pwrprd -html -rpt ProjectPariVo_impl_1.twr ProjectPariVo_impl_1.udb -gui -msgset C:/Users/vparizot/E155/pariVo/pariVo_fpga/ProjectPariVo/promote.xml

-----------------------------------------
Design:          top
Family:          iCE40UP
Device:          iCE40UP5K
Package:         SG48
Performance:     High-Performance_1.2V
Package Status:                     Preliminary    Version 1.5
**Performance Hardware Data Status :   Advanced Version 1.0
-----------------------------------------


=====================================================================
                    Table of Contents
=====================================================================
    1  Timing Overview
        1.1  SDC Constraints
        1.2  Constraint Coverage
        1.3  Overall Summary
        1.4  Unconstrained Report
        1.5  Combinational Loop
    2  Setup at Speed Grade High-Performance_1.2V Corner at 100 Degrees
        2.1  Clock Summary
        2.2  Endpoint slacks
        2.3  Detailed Report
    3  Hold at Speed Grade m Corner at -40 Degrees
        3.1  Endpoint slacks
        3.2  Detailed Report

=====================================================================
                    End of Table of Contents
=====================================================================

==============================================
1  Timing Overview
==============================================

1.1  SDC Constraints
=====================
create_clock -name {scki_c} -period 83.3333 [get_pins {hf_osc/CLKHF }] 

1.2  Constraint Coverage
---------------------------
Constraint Coverage: 25.5973%


1.3  Overall Summary
---------------------------
 Setup at Speed Grade High-Performance_1.2V Corner at 100 Degrees     Timing Errors: 0 endpoints;  Total Negative Slack: 0.000 ns 
 Hold at Speed Grade m Corner at -40 Degrees                          Timing Errors: 0 endpoints;  Total Negative Slack: 0.000 ns 

1.4  Unconstrained Report
===========================

1.4.1  Unconstrained Start/End Points
--------------------------------------

Clocked but unconstrained timing start points
-------------------------------------------------------------------
         Listing 9 Start Points         |           Type           
-------------------------------------------------------------------
coretest/finalVal_i0_i0/Q               |          No required time
coretest/finalVal_i0_i1/Q               |          No required time
coretest/finalVal_i0_i2/Q               |          No required time
coretest/finalVal_i0_i3/Q               |          No required time
coretest/finalVal_i0_i4/Q               |          No required time
coretest/finalVal_i0_i5/Q               |          No required time
coretest/finalVal_i0_i6/Q               |          No required time
coretest/finalVal_i0_i7/Q               |          No required time
coretest/done/Q                         |          No required time
-------------------------------------------------------------------
                                        |                          
Number of unconstrained timing start po |                          
ints                                    |                         9
                                        |                          
-------------------------------------------------------------------

Clocked but unconstrained timing end points
-------------------------------------------------------------------
         Listing 10 End Points          |           Type           
-------------------------------------------------------------------
{nowitllwork/prescaler_19_26__i6/SR   nowitllwork/prescaler_19_26__i7/SR}                           
                                        |           No arrival time
nowitllwork/prescaler_19_26__i8/SR      |           No arrival time
{nowitllwork/prescaler_19_26__i4/SR   nowitllwork/prescaler_19_26__i5/SR}                           
                                        |           No arrival time
{nowitllwork/prescaler_19_26__i2/SR   nowitllwork/prescaler_19_26__i3/SR}                           
                                        |           No arrival time
nowitllwork/prescaler_19_26__i1/SR      |           No arrival time
{coretest/finalVal_i0_i0/SP   coretest/finalVal_i0_i1/SP}                           
                                        |           No arrival time
{coretest/leftTemp_i0_i1/SP   coretest/leftTemp_i0_i0/SP}                           
                                        |           No arrival time
{coretest/leftTemp_i0_i2/SP   coretest/leftTemp_i0_i3/SP}                           
                                        |           No arrival time
{coretest/leftTemp_i0_i4/SP   coretest/leftTemp_i0_i5/SP}                           
                                        |           No arrival time
{coretest/leftTemp_i0_i6/SP   coretest/leftTemp_i0_i7/SP}                           
                                        |           No arrival time
-------------------------------------------------------------------
                                        |                          
Number of unconstrained timing end poin |                          
ts                                      |                        26
                                        |                          
-------------------------------------------------------------------

1.4.2  Start/End Points Without Timing Constraints
---------------------------------------------------

I/O ports without constraint
----------------------------
Possible constraints to use on I/O ports are:
set_input_delay,
set_output_delay,
set_max_delay,
create_clock,
create_generated_clock,
...

-------------------------------------------------------------------
     Listing 10 Start or End Points     |           Type           
-------------------------------------------------------------------
nreset                                  |                     input
din                                     |                     input
sck                                     |                     input
sdi                                     |                     input
load                                    |                     input
bclk                                    |                    output
lrck                                    |                    output
scki                                    |                    output
sdo                                     |                    output
done                                    |                    output
-------------------------------------------------------------------
                                        |                          
Number of I/O ports without constraint  |                        10
                                        |                          
-------------------------------------------------------------------

Nets without clock definition
Define a clock on a top level port or a generated clock on a clock divider pin associated with this net(s).
-------------------------------------------------------------------
            Listing 2 Net(s)            |        Source pin        
-------------------------------------------------------------------
sck_c                                   |         sck_pad.bb_inst/O
bclk_c                                  |nowitllwork/prescaler_19_26__i2/Q
-------------------------------------------------------------------
                                        |                          
Number of clock nets without clock defi |                          
nition                                  |                         2
                                        |                          
-------------------------------------------------------------------


1.5  Combinational Loop
========================
None

===============================================================
2  Setup at Speed Grade High-Performance_1.2V Corner at 100 Degrees
===============================================================

2.1  Clock Summary
=======================

2.1.1 Clock "scki_c"
=======================
create_clock -name {scki_c} -period 83.3333 [get_pins {hf_osc/CLKHF }] 

Single Clock Domain
-------------------------------------------------------------------------------------------------------
              Clock scki_c              |                    |       Period       |     Frequency      
-------------------------------------------------------------------------------------------------------
 From scki_c                            |             Target |          83.333 ns |         12.000 MHz 
                                        | Actual (all paths) |          20.792 ns |         48.095 MHz 
hf_osc/CLKHF (MPW)                      |   (50% duty cycle) |          20.792 ns |         48.095 MHz 
-------------------------------------------------------------------------------------------------------

Clock Domain Crossing

2.2  Endpoint slacks
=======================
-------------------------------------------------------
          Listing 10 End Points          |    Slack    
-------------------------------------------------------
{nowitllwork/left__i7/SP   nowitllwork/left__i8/SP}              
                                         |   73.143 ns 
{nowitllwork/left__i5/SP   nowitllwork/left__i6/SP}              
                                         |   73.143 ns 
{nowitllwork/left__i3/SP   nowitllwork/left__i4/SP}              
                                         |   73.143 ns 
{nowitllwork/left__i1/SP   nowitllwork/left__i2/SP}              
                                         |   73.143 ns 
nowitllwork/prescaler_19_26__i8/D        |   76.028 ns 
nowitllwork/prescaler_19_26__i7/D        |   76.860 ns 
nowitllwork/prescaler_19_26__i6/D        |   77.137 ns 
nowitllwork/prescaler_19_26__i5/D        |   77.414 ns 
nowitllwork/prescaler_19_26__i4/D        |   77.691 ns 
nowitllwork/prescaler_19_26__i3/D        |   77.968 ns 
-------------------------------------------------------
                                         |             
Setup # of endpoints with negative slack:|           0 
                                         |             
-------------------------------------------------------

2.3  Detailed Report
=======================


XXXXXXXXXXXXXXXXXXXXXXXXXXXXXXXXXXXXXXXXXXXXXXXXXXXXXXXXXX

Detail report of critical paths

XXXXXXXXXXXXXXXXXXXXXXXXXXXXXXXXXXXXXXXXXXXXXXXXXXXXXXXXXX

 +++++++++++++++++++++++++++++++++++++++++++++++++++++++++++++++++++++
                    Detailed Report for timing paths 
 +++++++++++++++++++++++++++++++++++++++++++++++++++++++++++++++++++++

 ++++Path 1  ++++++++++++++++++++++++++++++++++++++++++++++++++++++++++

Path Begin       : nowitllwork/prescaler_19_26__i5/Q  (SLICE_R13C3C)
Path End         : {nowitllwork/left__i7/SP   nowitllwork/left__i8/SP}  (SLICE_R16C5B)
Source Clock     : scki_c (R)
Destination Clock: scki_c (R)
Logic Level      : 3
Delay Ratio      : 77.1% (route), 22.9% (logic)
Clock Skew       : 0.000 ns 
Setup Constraint : 83.333 ns 
Path Slack       : 73.143 ns  (Passed)


Source Clock Path
Name                                      Cell/Site Name     Delay Name       Incr      Arrival/Required Time  Fanout  
----------------------------------------  -----------------  ---------------  --------  ---------------------  ------  
hf_osc/CLKHF                              HFOSC_HFOSC_R1C32  CLOCK LATENCY       0.000                  0.000  20      
nowitllwork/scki_c                                           NET DELAY           5.499                  5.499  20      
{nowitllwork/prescaler_19_26__i4/CK   nowitllwork/prescaler_19_26__i5/CK}
                                                             CLOCK PIN           0.000                  5.499  1       


Data Path
Name                                      Cell/Site Name     Delay Name       Incr      Arrival/Required Time  Fanout  
----------------------------------------  -----------------  ---------------  --------  ---------------------  ------  
nowitllwork/prescaler_19_26__i5/CK->nowitllwork/prescaler_19_26__i5/Q
                                          SLICE_R13C3C       CLK_TO_Q1_DELAY     1.388                  6.887  4       
nowitllwork/bit_state[2]                                     NET DELAY           2.141                  9.028  4       
nowitllwork/i135_4_lut/B->nowitllwork/i135_4_lut/Z
                                          SLICE_R14C3A       A0_TO_F0_DELAY      0.449                  9.477  1       
nowitllwork/n270                                             NET DELAY           2.168                 11.645  1       
nowitllwork/i21_3_lut/A->nowitllwork/i21_3_lut/Z
                                          SLICE_R14C3C       D1_TO_F1_DELAY      0.449                 12.094  4       
nowitllwork/n114                                             NET DELAY           3.397                 15.491  4       
{nowitllwork/left__i7/SP   nowitllwork/left__i8/SP}
                                                             ENDPOINT            0.000                 15.491  1       


Destination Clock Path
Name                                      Cell/Site Name     Delay Name       Incr      Arrival/Required Time  Fanout  
----------------------------------------  -----------------  ---------------  --------  ---------------------  ------  
                                                             CONSTRAINT          0.000                 83.333  1       
hf_osc/CLKHF                              HFOSC_HFOSC_R1C32  CLOCK LATENCY       0.000                 83.333  20      
nowitllwork/scki_c                                           NET DELAY           5.499                 88.832  20      
{nowitllwork/left__i7/CK   nowitllwork/left__i8/CK}
                                                             CLOCK PIN           0.000                 88.832  1       
                                                             Uncertainty      -(0.000)                 88.832  
                                                             Setup time       -(0.198)                 88.634  
----------------------------------------  -----------------  ---------------  --------  ---------------------  ------  
Required Time                                                                                          88.634  
Arrival Time                                                                                        -(15.490)  
----------------------------------------  -----------------  ---------------  --------  ---------------------  ------  
Path Slack  (Passed)                                                                                   73.143  




++++ Path 2 ++++++++++++++++++++++++++++++++++++++++++++++++++++++++++ 

Path Begin       : nowitllwork/prescaler_19_26__i5/Q  (SLICE_R13C3C)
Path End         : {nowitllwork/left__i5/SP   nowitllwork/left__i6/SP}  (SLICE_R16C5A)
Source Clock     : scki_c (R)
Destination Clock: scki_c (R)
Logic Level      : 3
Delay Ratio      : 77.1% (route), 22.9% (logic)
Clock Skew       : 0.000 ns 
Setup Constraint : 83.333 ns 
Path Slack       : 73.143 ns  (Passed)


Source Clock Path
Name                                      Cell/Site Name     Delay Name       Incr      Arrival/Required Time  Fanout  
----------------------------------------  -----------------  ---------------  --------  ---------------------  ------  
hf_osc/CLKHF                              HFOSC_HFOSC_R1C32  CLOCK LATENCY       0.000                  0.000  20      
nowitllwork/scki_c                                           NET DELAY           5.499                  5.499  20      
{nowitllwork/prescaler_19_26__i4/CK   nowitllwork/prescaler_19_26__i5/CK}
                                                             CLOCK PIN           0.000                  5.499  1       


Data Path
Name                                      Cell/Site Name     Delay Name       Incr      Arrival/Required Time  Fanout  
----------------------------------------  -----------------  ---------------  --------  ---------------------  ------  
nowitllwork/prescaler_19_26__i5/CK->nowitllwork/prescaler_19_26__i5/Q
                                          SLICE_R13C3C       CLK_TO_Q1_DELAY     1.388                  6.887  4       
nowitllwork/bit_state[2]                                     NET DELAY           2.141                  9.028  4       
nowitllwork/i135_4_lut/B->nowitllwork/i135_4_lut/Z
                                          SLICE_R14C3A       A0_TO_F0_DELAY      0.449                  9.477  1       
nowitllwork/n270                                             NET DELAY           2.168                 11.645  1       
nowitllwork/i21_3_lut/A->nowitllwork/i21_3_lut/Z
                                          SLICE_R14C3C       D1_TO_F1_DELAY      0.449                 12.094  4       
nowitllwork/n114                                             NET DELAY           3.397                 15.491  4       
{nowitllwork/left__i5/SP   nowitllwork/left__i6/SP}
                                                             ENDPOINT            0.000                 15.491  1       


Destination Clock Path
Name                                      Cell/Site Name     Delay Name       Incr      Arrival/Required Time  Fanout  
----------------------------------------  -----------------  ---------------  --------  ---------------------  ------  
                                                             CONSTRAINT          0.000                 83.333  1       
hf_osc/CLKHF                              HFOSC_HFOSC_R1C32  CLOCK LATENCY       0.000                 83.333  20      
nowitllwork/scki_c                                           NET DELAY           5.499                 88.832  20      
{nowitllwork/left__i5/CK   nowitllwork/left__i6/CK}
                                                             CLOCK PIN           0.000                 88.832  1       
                                                             Uncertainty      -(0.000)                 88.832  
                                                             Setup time       -(0.198)                 88.634  
----------------------------------------  -----------------  ---------------  --------  ---------------------  ------  
Required Time                                                                                          88.634  
Arrival Time                                                                                        -(15.490)  
----------------------------------------  -----------------  ---------------  --------  ---------------------  ------  
Path Slack  (Passed)                                                                                   73.143  




++++ Path 3 ++++++++++++++++++++++++++++++++++++++++++++++++++++++++++ 

Path Begin       : nowitllwork/prescaler_19_26__i5/Q  (SLICE_R13C3C)
Path End         : {nowitllwork/left__i3/SP   nowitllwork/left__i4/SP}  (SLICE_R16C5C)
Source Clock     : scki_c (R)
Destination Clock: scki_c (R)
Logic Level      : 3
Delay Ratio      : 77.1% (route), 22.9% (logic)
Clock Skew       : 0.000 ns 
Setup Constraint : 83.333 ns 
Path Slack       : 73.143 ns  (Passed)


Source Clock Path
Name                                      Cell/Site Name     Delay Name       Incr      Arrival/Required Time  Fanout  
----------------------------------------  -----------------  ---------------  --------  ---------------------  ------  
hf_osc/CLKHF                              HFOSC_HFOSC_R1C32  CLOCK LATENCY       0.000                  0.000  20      
nowitllwork/scki_c                                           NET DELAY           5.499                  5.499  20      
{nowitllwork/prescaler_19_26__i4/CK   nowitllwork/prescaler_19_26__i5/CK}
                                                             CLOCK PIN           0.000                  5.499  1       


Data Path
Name                                      Cell/Site Name     Delay Name       Incr      Arrival/Required Time  Fanout  
----------------------------------------  -----------------  ---------------  --------  ---------------------  ------  
nowitllwork/prescaler_19_26__i5/CK->nowitllwork/prescaler_19_26__i5/Q
                                          SLICE_R13C3C       CLK_TO_Q1_DELAY     1.388                  6.887  4       
nowitllwork/bit_state[2]                                     NET DELAY           2.141                  9.028  4       
nowitllwork/i135_4_lut/B->nowitllwork/i135_4_lut/Z
                                          SLICE_R14C3A       A0_TO_F0_DELAY      0.449                  9.477  1       
nowitllwork/n270                                             NET DELAY           2.168                 11.645  1       
nowitllwork/i21_3_lut/A->nowitllwork/i21_3_lut/Z
                                          SLICE_R14C3C       D1_TO_F1_DELAY      0.449                 12.094  4       
nowitllwork/n114                                             NET DELAY           3.397                 15.491  4       
{nowitllwork/left__i3/SP   nowitllwork/left__i4/SP}
                                                             ENDPOINT            0.000                 15.491  1       


Destination Clock Path
Name                                      Cell/Site Name     Delay Name       Incr      Arrival/Required Time  Fanout  
----------------------------------------  -----------------  ---------------  --------  ---------------------  ------  
                                                             CONSTRAINT          0.000                 83.333  1       
hf_osc/CLKHF                              HFOSC_HFOSC_R1C32  CLOCK LATENCY       0.000                 83.333  20      
nowitllwork/scki_c                                           NET DELAY           5.499                 88.832  20      
{nowitllwork/left__i3/CK   nowitllwork/left__i4/CK}
                                                             CLOCK PIN           0.000                 88.832  1       
                                                             Uncertainty      -(0.000)                 88.832  
                                                             Setup time       -(0.198)                 88.634  
----------------------------------------  -----------------  ---------------  --------  ---------------------  ------  
Required Time                                                                                          88.634  
Arrival Time                                                                                        -(15.490)  
----------------------------------------  -----------------  ---------------  --------  ---------------------  ------  
Path Slack  (Passed)                                                                                   73.143  




++++ Path 4 ++++++++++++++++++++++++++++++++++++++++++++++++++++++++++ 

Path Begin       : nowitllwork/prescaler_19_26__i5/Q  (SLICE_R13C3C)
Path End         : {nowitllwork/left__i1/SP   nowitllwork/left__i2/SP}  (SLICE_R16C5D)
Source Clock     : scki_c (R)
Destination Clock: scki_c (R)
Logic Level      : 3
Delay Ratio      : 77.1% (route), 22.9% (logic)
Clock Skew       : 0.000 ns 
Setup Constraint : 83.333 ns 
Path Slack       : 73.143 ns  (Passed)


Source Clock Path
Name                                      Cell/Site Name     Delay Name       Incr      Arrival/Required Time  Fanout  
----------------------------------------  -----------------  ---------------  --------  ---------------------  ------  
hf_osc/CLKHF                              HFOSC_HFOSC_R1C32  CLOCK LATENCY       0.000                  0.000  20      
nowitllwork/scki_c                                           NET DELAY           5.499                  5.499  20      
{nowitllwork/prescaler_19_26__i4/CK   nowitllwork/prescaler_19_26__i5/CK}
                                                             CLOCK PIN           0.000                  5.499  1       


Data Path
Name                                      Cell/Site Name     Delay Name       Incr      Arrival/Required Time  Fanout  
----------------------------------------  -----------------  ---------------  --------  ---------------------  ------  
nowitllwork/prescaler_19_26__i5/CK->nowitllwork/prescaler_19_26__i5/Q
                                          SLICE_R13C3C       CLK_TO_Q1_DELAY     1.388                  6.887  4       
nowitllwork/bit_state[2]                                     NET DELAY           2.141                  9.028  4       
nowitllwork/i135_4_lut/B->nowitllwork/i135_4_lut/Z
                                          SLICE_R14C3A       A0_TO_F0_DELAY      0.449                  9.477  1       
nowitllwork/n270                                             NET DELAY           2.168                 11.645  1       
nowitllwork/i21_3_lut/A->nowitllwork/i21_3_lut/Z
                                          SLICE_R14C3C       D1_TO_F1_DELAY      0.449                 12.094  4       
nowitllwork/n114                                             NET DELAY           3.397                 15.491  4       
{nowitllwork/left__i1/SP   nowitllwork/left__i2/SP}
                                                             ENDPOINT            0.000                 15.491  1       


Destination Clock Path
Name                                      Cell/Site Name     Delay Name       Incr      Arrival/Required Time  Fanout  
----------------------------------------  -----------------  ---------------  --------  ---------------------  ------  
                                                             CONSTRAINT          0.000                 83.333  1       
hf_osc/CLKHF                              HFOSC_HFOSC_R1C32  CLOCK LATENCY       0.000                 83.333  20      
nowitllwork/scki_c                                           NET DELAY           5.499                 88.832  20      
{nowitllwork/left__i1/CK   nowitllwork/left__i2/CK}
                                                             CLOCK PIN           0.000                 88.832  1       
                                                             Uncertainty      -(0.000)                 88.832  
                                                             Setup time       -(0.198)                 88.634  
----------------------------------------  -----------------  ---------------  --------  ---------------------  ------  
Required Time                                                                                          88.634  
Arrival Time                                                                                        -(15.490)  
----------------------------------------  -----------------  ---------------  --------  ---------------------  ------  
Path Slack  (Passed)                                                                                   73.143  




++++ Path 5 ++++++++++++++++++++++++++++++++++++++++++++++++++++++++++ 

Path Begin       : nowitllwork/prescaler_19_26__i1/Q  (SLICE_R13C3A)
Path End         : nowitllwork/prescaler_19_26__i8/D  (SLICE_R13C4A)
Source Clock     : scki_c (R)
Destination Clock: scki_c (R)
Logic Level      : 9
Delay Ratio      : 45.6% (route), 54.4% (logic)
Clock Skew       : 0.000 ns 
Setup Constraint : 83.333 ns 
Path Slack       : 76.028 ns  (Passed)


Source Clock Path
Name                                      Cell/Site Name     Delay Name           Incr      Arrival/Required Time  Fanout  
----------------------------------------  -----------------  -------------------  --------  ---------------------  ------  
hf_osc/CLKHF                              HFOSC_HFOSC_R1C32  CLOCK LATENCY           0.000                  0.000  20      
nowitllwork/scki_c                                           NET DELAY               5.499                  5.499  20      
nowitllwork/prescaler_19_26__i1/CK                           CLOCK PIN               0.000                  5.499  1       


Data Path
Name                                      Cell/Site Name     Delay Name           Incr      Arrival/Required Time  Fanout  
----------------------------------------  -----------------  -------------------  --------  ---------------------  ------  
nowitllwork/prescaler_19_26__i1/CK->nowitllwork/prescaler_19_26__i1/Q
                                          SLICE_R13C3A       CLK_TO_Q1_DELAY         1.388                  6.887  2       
nowitllwork/prescaler[0]                                     NET DELAY               2.022                  8.909  2       
nowitllwork/prescaler_19_26_add_4_1/C1->nowitllwork/prescaler_19_26_add_4_1/CO1
                                          SLICE_R13C3A       C1_TO_COUT1_DELAY       0.343                  9.252  2       
nowitllwork/n201                                             NET DELAY               0.000                  9.252  2       
nowitllwork/prescaler_19_26_add_4_3/CI0->nowitllwork/prescaler_19_26_add_4_3/CO0
                                          SLICE_R13C3B       CIN0_TO_COUT0_DELAY     0.277                  9.529  2       
nowitllwork/n361                                             NET DELAY               0.000                  9.529  2       
nowitllwork/prescaler_19_26_add_4_3/CI1->nowitllwork/prescaler_19_26_add_4_3/CO1
                                          SLICE_R13C3B       CIN1_TO_COUT1_DELAY     0.277                  9.806  2       
nowitllwork/n203                                             NET DELAY               0.000                  9.806  2       
nowitllwork/prescaler_19_26_add_4_5/CI0->nowitllwork/prescaler_19_26_add_4_5/CO0
                                          SLICE_R13C3C       CIN0_TO_COUT0_DELAY     0.277                 10.083  2       
nowitllwork/n364                                             NET DELAY               0.000                 10.083  2       
nowitllwork/prescaler_19_26_add_4_5/CI1->nowitllwork/prescaler_19_26_add_4_5/CO1
                                          SLICE_R13C3C       CIN1_TO_COUT1_DELAY     0.277                 10.360  2       
nowitllwork/n205                                             NET DELAY               0.000                 10.360  2       
nowitllwork/prescaler_19_26_add_4_7/CI0->nowitllwork/prescaler_19_26_add_4_7/CO0
                                          SLICE_R13C3D       CIN0_TO_COUT0_DELAY     0.277                 10.637  2       
nowitllwork/n367                                             NET DELAY               0.000                 10.637  2       
nowitllwork/prescaler_19_26_add_4_7/CI1->nowitllwork/prescaler_19_26_add_4_7/CO1
                                          SLICE_R13C3D       CIN1_TO_COUT1_DELAY     0.277                 10.914  2       
nowitllwork/n207                                             NET DELAY               1.216                 12.130  2       
nowitllwork/prescaler_19_26_add_4_9/D0->nowitllwork/prescaler_19_26_add_4_9/S0
                                          SLICE_R13C4A       D0_TO_F0_DELAY          0.476                 12.606  1       
nowitllwork/n37[7]                                           NET DELAY               0.000                 12.606  1       
nowitllwork/prescaler_19_26__i8/D                            ENDPOINT                0.000                 12.606  1       


Destination Clock Path
Name                                      Cell/Site Name     Delay Name           Incr      Arrival/Required Time  Fanout  
----------------------------------------  -----------------  -------------------  --------  ---------------------  ------  
                                                             CONSTRAINT              0.000                 83.333  1       
hf_osc/CLKHF                              HFOSC_HFOSC_R1C32  CLOCK LATENCY           0.000                 83.333  20      
nowitllwork/scki_c                                           NET DELAY               5.499                 88.832  20      
nowitllwork/prescaler_19_26__i8/CK                           CLOCK PIN               0.000                 88.832  1       
                                                             Uncertainty          -(0.000)                 88.832  
                                                             Setup time           -(0.198)                 88.634  
----------------------------------------  -----------------  -------------------  --------  ---------------------  ------  
Required Time                                                                                              88.634  
Arrival Time                                                                                            -(12.605)  
----------------------------------------  -----------------  -------------------  --------  ---------------------  ------  
Path Slack  (Passed)                                                                                       76.028  




++++ Path 6 ++++++++++++++++++++++++++++++++++++++++++++++++++++++++++ 

Path Begin       : nowitllwork/prescaler_19_26__i1/Q  (SLICE_R13C3A)
Path End         : nowitllwork/prescaler_19_26__i7/D  (SLICE_R13C3D)
Source Clock     : scki_c (R)
Destination Clock: scki_c (R)
Logic Level      : 8
Delay Ratio      : 42.8% (route), 57.2% (logic)
Clock Skew       : 0.000 ns 
Setup Constraint : 83.333 ns 
Path Slack       : 76.860 ns  (Passed)


Source Clock Path
Name                                      Cell/Site Name     Delay Name           Incr      Arrival/Required Time  Fanout  
----------------------------------------  -----------------  -------------------  --------  ---------------------  ------  
hf_osc/CLKHF                              HFOSC_HFOSC_R1C32  CLOCK LATENCY           0.000                  0.000  20      
nowitllwork/scki_c                                           NET DELAY               5.499                  5.499  20      
nowitllwork/prescaler_19_26__i1/CK                           CLOCK PIN               0.000                  5.499  1       


Data Path
Name                                      Cell/Site Name     Delay Name           Incr      Arrival/Required Time  Fanout  
----------------------------------------  -----------------  -------------------  --------  ---------------------  ------  
nowitllwork/prescaler_19_26__i1/CK->nowitllwork/prescaler_19_26__i1/Q
                                          SLICE_R13C3A       CLK_TO_Q1_DELAY         1.388                  6.887  2       
nowitllwork/prescaler[0]                                     NET DELAY               2.022                  8.909  2       
nowitllwork/prescaler_19_26_add_4_1/C1->nowitllwork/prescaler_19_26_add_4_1/CO1
                                          SLICE_R13C3A       C1_TO_COUT1_DELAY       0.343                  9.252  2       
nowitllwork/n201                                             NET DELAY               0.000                  9.252  2       
nowitllwork/prescaler_19_26_add_4_3/CI0->nowitllwork/prescaler_19_26_add_4_3/CO0
                                          SLICE_R13C3B       CIN0_TO_COUT0_DELAY     0.277                  9.529  2       
nowitllwork/n361                                             NET DELAY               0.000                  9.529  2       
nowitllwork/prescaler_19_26_add_4_3/CI1->nowitllwork/prescaler_19_26_add_4_3/CO1
                                          SLICE_R13C3B       CIN1_TO_COUT1_DELAY     0.277                  9.806  2       
nowitllwork/n203                                             NET DELAY               0.000                  9.806  2       
nowitllwork/prescaler_19_26_add_4_5/CI0->nowitllwork/prescaler_19_26_add_4_5/CO0
                                          SLICE_R13C3C       CIN0_TO_COUT0_DELAY     0.277                 10.083  2       
nowitllwork/n364                                             NET DELAY               0.000                 10.083  2       
nowitllwork/prescaler_19_26_add_4_5/CI1->nowitllwork/prescaler_19_26_add_4_5/CO1
                                          SLICE_R13C3C       CIN1_TO_COUT1_DELAY     0.277                 10.360  2       
nowitllwork/n205                                             NET DELAY               0.000                 10.360  2       
nowitllwork/prescaler_19_26_add_4_7/CI0->nowitllwork/prescaler_19_26_add_4_7/CO0
                                          SLICE_R13C3D       CIN0_TO_COUT0_DELAY     0.277                 10.637  2       
nowitllwork/n367                                             NET DELAY               0.661                 11.298  2       
nowitllwork/prescaler_19_26_add_4_7/D1->nowitllwork/prescaler_19_26_add_4_7/S1
                                          SLICE_R13C3D       D1_TO_F1_DELAY          0.476                 11.774  1       
nowitllwork/n37[6]                                           NET DELAY               0.000                 11.774  1       
nowitllwork/prescaler_19_26__i7/D                            ENDPOINT                0.000                 11.774  1       


Destination Clock Path
Name                                      Cell/Site Name     Delay Name           Incr      Arrival/Required Time  Fanout  
----------------------------------------  -----------------  -------------------  --------  ---------------------  ------  
                                                             CONSTRAINT              0.000                 83.333  1       
hf_osc/CLKHF                              HFOSC_HFOSC_R1C32  CLOCK LATENCY           0.000                 83.333  20      
nowitllwork/scki_c                                           NET DELAY               5.499                 88.832  20      
{nowitllwork/prescaler_19_26__i6/CK   nowitllwork/prescaler_19_26__i7/CK}
                                                             CLOCK PIN               0.000                 88.832  1       
                                                             Uncertainty          -(0.000)                 88.832  
                                                             Setup time           -(0.198)                 88.634  
----------------------------------------  -----------------  -------------------  --------  ---------------------  ------  
Required Time                                                                                              88.634  
Arrival Time                                                                                            -(11.773)  
----------------------------------------  -----------------  -------------------  --------  ---------------------  ------  
Path Slack  (Passed)                                                                                       76.860  




++++ Path 7 ++++++++++++++++++++++++++++++++++++++++++++++++++++++++++ 

Path Begin       : nowitllwork/prescaler_19_26__i1/Q  (SLICE_R13C3A)
Path End         : nowitllwork/prescaler_19_26__i6/D  (SLICE_R13C3D)
Source Clock     : scki_c (R)
Destination Clock: scki_c (R)
Logic Level      : 7
Delay Ratio      : 44.7% (route), 55.3% (logic)
Clock Skew       : 0.000 ns 
Setup Constraint : 83.333 ns 
Path Slack       : 77.137 ns  (Passed)


Source Clock Path
Name                                      Cell/Site Name     Delay Name           Incr      Arrival/Required Time  Fanout  
----------------------------------------  -----------------  -------------------  --------  ---------------------  ------  
hf_osc/CLKHF                              HFOSC_HFOSC_R1C32  CLOCK LATENCY           0.000                  0.000  20      
nowitllwork/scki_c                                           NET DELAY               5.499                  5.499  20      
nowitllwork/prescaler_19_26__i1/CK                           CLOCK PIN               0.000                  5.499  1       


Data Path
Name                                      Cell/Site Name     Delay Name           Incr      Arrival/Required Time  Fanout  
----------------------------------------  -----------------  -------------------  --------  ---------------------  ------  
nowitllwork/prescaler_19_26__i1/CK->nowitllwork/prescaler_19_26__i1/Q
                                          SLICE_R13C3A       CLK_TO_Q1_DELAY         1.388                  6.887  2       
nowitllwork/prescaler[0]                                     NET DELAY               2.022                  8.909  2       
nowitllwork/prescaler_19_26_add_4_1/C1->nowitllwork/prescaler_19_26_add_4_1/CO1
                                          SLICE_R13C3A       C1_TO_COUT1_DELAY       0.343                  9.252  2       
nowitllwork/n201                                             NET DELAY               0.000                  9.252  2       
nowitllwork/prescaler_19_26_add_4_3/CI0->nowitllwork/prescaler_19_26_add_4_3/CO0
                                          SLICE_R13C3B       CIN0_TO_COUT0_DELAY     0.277                  9.529  2       
nowitllwork/n361                                             NET DELAY               0.000                  9.529  2       
nowitllwork/prescaler_19_26_add_4_3/CI1->nowitllwork/prescaler_19_26_add_4_3/CO1
                                          SLICE_R13C3B       CIN1_TO_COUT1_DELAY     0.277                  9.806  2       
nowitllwork/n203                                             NET DELAY               0.000                  9.806  2       
nowitllwork/prescaler_19_26_add_4_5/CI0->nowitllwork/prescaler_19_26_add_4_5/CO0
                                          SLICE_R13C3C       CIN0_TO_COUT0_DELAY     0.277                 10.083  2       
nowitllwork/n364                                             NET DELAY               0.000                 10.083  2       
nowitllwork/prescaler_19_26_add_4_5/CI1->nowitllwork/prescaler_19_26_add_4_5/CO1
                                          SLICE_R13C3C       CIN1_TO_COUT1_DELAY     0.277                 10.360  2       
nowitllwork/n205                                             NET DELAY               0.661                 11.021  2       
nowitllwork/prescaler_19_26_add_4_7/D0->nowitllwork/prescaler_19_26_add_4_7/S0
                                          SLICE_R13C3D       D0_TO_F0_DELAY          0.476                 11.497  1       
nowitllwork/n37[5]                                           NET DELAY               0.000                 11.497  1       
nowitllwork/prescaler_19_26__i6/D                            ENDPOINT                0.000                 11.497  1       


Destination Clock Path
Name                                      Cell/Site Name     Delay Name           Incr      Arrival/Required Time  Fanout  
----------------------------------------  -----------------  -------------------  --------  ---------------------  ------  
                                                             CONSTRAINT              0.000                 83.333  1       
hf_osc/CLKHF                              HFOSC_HFOSC_R1C32  CLOCK LATENCY           0.000                 83.333  20      
nowitllwork/scki_c                                           NET DELAY               5.499                 88.832  20      
{nowitllwork/prescaler_19_26__i6/CK   nowitllwork/prescaler_19_26__i7/CK}
                                                             CLOCK PIN               0.000                 88.832  1       
                                                             Uncertainty          -(0.000)                 88.832  
                                                             Setup time           -(0.198)                 88.634  
----------------------------------------  -----------------  -------------------  --------  ---------------------  ------  
Required Time                                                                                              88.634  
Arrival Time                                                                                            -(11.496)  
----------------------------------------  -----------------  -------------------  --------  ---------------------  ------  
Path Slack  (Passed)                                                                                       77.137  




++++ Path 8 ++++++++++++++++++++++++++++++++++++++++++++++++++++++++++ 

Path Begin       : nowitllwork/prescaler_19_26__i1/Q  (SLICE_R13C3A)
Path End         : nowitllwork/prescaler_19_26__i5/D  (SLICE_R13C3C)
Source Clock     : scki_c (R)
Destination Clock: scki_c (R)
Logic Level      : 6
Delay Ratio      : 46.9% (route), 53.1% (logic)
Clock Skew       : 0.000 ns 
Setup Constraint : 83.333 ns 
Path Slack       : 77.414 ns  (Passed)


Source Clock Path
Name                                      Cell/Site Name     Delay Name           Incr      Arrival/Required Time  Fanout  
----------------------------------------  -----------------  -------------------  --------  ---------------------  ------  
hf_osc/CLKHF                              HFOSC_HFOSC_R1C32  CLOCK LATENCY           0.000                  0.000  20      
nowitllwork/scki_c                                           NET DELAY               5.499                  5.499  20      
nowitllwork/prescaler_19_26__i1/CK                           CLOCK PIN               0.000                  5.499  1       


Data Path
Name                                      Cell/Site Name     Delay Name           Incr      Arrival/Required Time  Fanout  
----------------------------------------  -----------------  -------------------  --------  ---------------------  ------  
nowitllwork/prescaler_19_26__i1/CK->nowitllwork/prescaler_19_26__i1/Q
                                          SLICE_R13C3A       CLK_TO_Q1_DELAY         1.388                  6.887  2       
nowitllwork/prescaler[0]                                     NET DELAY               2.022                  8.909  2       
nowitllwork/prescaler_19_26_add_4_1/C1->nowitllwork/prescaler_19_26_add_4_1/CO1
                                          SLICE_R13C3A       C1_TO_COUT1_DELAY       0.343                  9.252  2       
nowitllwork/n201                                             NET DELAY               0.000                  9.252  2       
nowitllwork/prescaler_19_26_add_4_3/CI0->nowitllwork/prescaler_19_26_add_4_3/CO0
                                          SLICE_R13C3B       CIN0_TO_COUT0_DELAY     0.277                  9.529  2       
nowitllwork/n361                                             NET DELAY               0.000                  9.529  2       
nowitllwork/prescaler_19_26_add_4_3/CI1->nowitllwork/prescaler_19_26_add_4_3/CO1
                                          SLICE_R13C3B       CIN1_TO_COUT1_DELAY     0.277                  9.806  2       
nowitllwork/n203                                             NET DELAY               0.000                  9.806  2       
nowitllwork/prescaler_19_26_add_4_5/CI0->nowitllwork/prescaler_19_26_add_4_5/CO0
                                          SLICE_R13C3C       CIN0_TO_COUT0_DELAY     0.277                 10.083  2       
nowitllwork/n364                                             NET DELAY               0.661                 10.744  2       
nowitllwork/prescaler_19_26_add_4_5/D1->nowitllwork/prescaler_19_26_add_4_5/S1
                                          SLICE_R13C3C       D1_TO_F1_DELAY          0.476                 11.220  1       
nowitllwork/n37[4]                                           NET DELAY               0.000                 11.220  1       
nowitllwork/prescaler_19_26__i5/D                            ENDPOINT                0.000                 11.220  1       


Destination Clock Path
Name                                      Cell/Site Name     Delay Name           Incr      Arrival/Required Time  Fanout  
----------------------------------------  -----------------  -------------------  --------  ---------------------  ------  
                                                             CONSTRAINT              0.000                 83.333  1       
hf_osc/CLKHF                              HFOSC_HFOSC_R1C32  CLOCK LATENCY           0.000                 83.333  20      
nowitllwork/scki_c                                           NET DELAY               5.499                 88.832  20      
{nowitllwork/prescaler_19_26__i4/CK   nowitllwork/prescaler_19_26__i5/CK}
                                                             CLOCK PIN               0.000                 88.832  1       
                                                             Uncertainty          -(0.000)                 88.832  
                                                             Setup time           -(0.198)                 88.634  
----------------------------------------  -----------------  -------------------  --------  ---------------------  ------  
Required Time                                                                                              88.634  
Arrival Time                                                                                            -(11.219)  
----------------------------------------  -----------------  -------------------  --------  ---------------------  ------  
Path Slack  (Passed)                                                                                       77.414  




++++ Path 9 ++++++++++++++++++++++++++++++++++++++++++++++++++++++++++ 

Path Begin       : nowitllwork/prescaler_19_26__i1/Q  (SLICE_R13C3A)
Path End         : nowitllwork/prescaler_19_26__i4/D  (SLICE_R13C3C)
Source Clock     : scki_c (R)
Destination Clock: scki_c (R)
Logic Level      : 5
Delay Ratio      : 49.3% (route), 50.7% (logic)
Clock Skew       : 0.000 ns 
Setup Constraint : 83.333 ns 
Path Slack       : 77.691 ns  (Passed)


Source Clock Path
Name                                      Cell/Site Name     Delay Name           Incr      Arrival/Required Time  Fanout  
----------------------------------------  -----------------  -------------------  --------  ---------------------  ------  
hf_osc/CLKHF                              HFOSC_HFOSC_R1C32  CLOCK LATENCY           0.000                  0.000  20      
nowitllwork/scki_c                                           NET DELAY               5.499                  5.499  20      
nowitllwork/prescaler_19_26__i1/CK                           CLOCK PIN               0.000                  5.499  1       


Data Path
Name                                      Cell/Site Name     Delay Name           Incr      Arrival/Required Time  Fanout  
----------------------------------------  -----------------  -------------------  --------  ---------------------  ------  
nowitllwork/prescaler_19_26__i1/CK->nowitllwork/prescaler_19_26__i1/Q
                                          SLICE_R13C3A       CLK_TO_Q1_DELAY         1.388                  6.887  2       
nowitllwork/prescaler[0]                                     NET DELAY               2.022                  8.909  2       
nowitllwork/prescaler_19_26_add_4_1/C1->nowitllwork/prescaler_19_26_add_4_1/CO1
                                          SLICE_R13C3A       C1_TO_COUT1_DELAY       0.343                  9.252  2       
nowitllwork/n201                                             NET DELAY               0.000                  9.252  2       
nowitllwork/prescaler_19_26_add_4_3/CI0->nowitllwork/prescaler_19_26_add_4_3/CO0
                                          SLICE_R13C3B       CIN0_TO_COUT0_DELAY     0.277                  9.529  2       
nowitllwork/n361                                             NET DELAY               0.000                  9.529  2       
nowitllwork/prescaler_19_26_add_4_3/CI1->nowitllwork/prescaler_19_26_add_4_3/CO1
                                          SLICE_R13C3B       CIN1_TO_COUT1_DELAY     0.277                  9.806  2       
nowitllwork/n203                                             NET DELAY               0.661                 10.467  2       
nowitllwork/prescaler_19_26_add_4_5/D0->nowitllwork/prescaler_19_26_add_4_5/S0
                                          SLICE_R13C3C       D0_TO_F0_DELAY          0.476                 10.943  1       
nowitllwork/n37[3]                                           NET DELAY               0.000                 10.943  1       
nowitllwork/prescaler_19_26__i4/D                            ENDPOINT                0.000                 10.943  1       


Destination Clock Path
Name                                      Cell/Site Name     Delay Name           Incr      Arrival/Required Time  Fanout  
----------------------------------------  -----------------  -------------------  --------  ---------------------  ------  
                                                             CONSTRAINT              0.000                 83.333  1       
hf_osc/CLKHF                              HFOSC_HFOSC_R1C32  CLOCK LATENCY           0.000                 83.333  20      
nowitllwork/scki_c                                           NET DELAY               5.499                 88.832  20      
{nowitllwork/prescaler_19_26__i4/CK   nowitllwork/prescaler_19_26__i5/CK}
                                                             CLOCK PIN               0.000                 88.832  1       
                                                             Uncertainty          -(0.000)                 88.832  
                                                             Setup time           -(0.198)                 88.634  
----------------------------------------  -----------------  -------------------  --------  ---------------------  ------  
Required Time                                                                                              88.634  
Arrival Time                                                                                            -(10.942)  
----------------------------------------  -----------------  -------------------  --------  ---------------------  ------  
Path Slack  (Passed)                                                                                       77.691  




++++ Path 10 ++++++++++++++++++++++++++++++++++++++++++++++++++++++++++ 

Path Begin       : nowitllwork/prescaler_19_26__i1/Q  (SLICE_R13C3A)
Path End         : nowitllwork/prescaler_19_26__i3/D  (SLICE_R13C3B)
Source Clock     : scki_c (R)
Destination Clock: scki_c (R)
Logic Level      : 4
Delay Ratio      : 51.9% (route), 48.1% (logic)
Clock Skew       : 0.000 ns 
Setup Constraint : 83.333 ns 
Path Slack       : 77.968 ns  (Passed)


Source Clock Path
Name                                      Cell/Site Name     Delay Name           Incr      Arrival/Required Time  Fanout  
----------------------------------------  -----------------  -------------------  --------  ---------------------  ------  
hf_osc/CLKHF                              HFOSC_HFOSC_R1C32  CLOCK LATENCY           0.000                  0.000  20      
nowitllwork/scki_c                                           NET DELAY               5.499                  5.499  20      
nowitllwork/prescaler_19_26__i1/CK                           CLOCK PIN               0.000                  5.499  1       


Data Path
Name                                      Cell/Site Name     Delay Name           Incr      Arrival/Required Time  Fanout  
----------------------------------------  -----------------  -------------------  --------  ---------------------  ------  
nowitllwork/prescaler_19_26__i1/CK->nowitllwork/prescaler_19_26__i1/Q
                                          SLICE_R13C3A       CLK_TO_Q1_DELAY         1.388                  6.887  2       
nowitllwork/prescaler[0]                                     NET DELAY               2.022                  8.909  2       
nowitllwork/prescaler_19_26_add_4_1/C1->nowitllwork/prescaler_19_26_add_4_1/CO1
                                          SLICE_R13C3A       C1_TO_COUT1_DELAY       0.343                  9.252  2       
nowitllwork/n201                                             NET DELAY               0.000                  9.252  2       
nowitllwork/prescaler_19_26_add_4_3/CI0->nowitllwork/prescaler_19_26_add_4_3/CO0
                                          SLICE_R13C3B       CIN0_TO_COUT0_DELAY     0.277                  9.529  2       
nowitllwork/n361                                             NET DELAY               0.661                 10.190  2       
nowitllwork/prescaler_19_26_add_4_3/D1->nowitllwork/prescaler_19_26_add_4_3/S1
                                          SLICE_R13C3B       D1_TO_F1_DELAY          0.476                 10.666  1       
nowitllwork/n37[2]                                           NET DELAY               0.000                 10.666  1       
nowitllwork/prescaler_19_26__i3/D                            ENDPOINT                0.000                 10.666  1       


Destination Clock Path
Name                                      Cell/Site Name     Delay Name           Incr      Arrival/Required Time  Fanout  
----------------------------------------  -----------------  -------------------  --------  ---------------------  ------  
                                                             CONSTRAINT              0.000                 83.333  1       
hf_osc/CLKHF                              HFOSC_HFOSC_R1C32  CLOCK LATENCY           0.000                 83.333  20      
nowitllwork/scki_c                                           NET DELAY               5.499                 88.832  20      
{nowitllwork/prescaler_19_26__i2/CK   nowitllwork/prescaler_19_26__i3/CK}
                                                             CLOCK PIN               0.000                 88.832  1       
                                                             Uncertainty          -(0.000)                 88.832  
                                                             Setup time           -(0.198)                 88.634  
----------------------------------------  -----------------  -------------------  --------  ---------------------  ------  
Required Time                                                                                              88.634  
Arrival Time                                                                                            -(10.665)  
----------------------------------------  -----------------  -------------------  --------  ---------------------  ------  
Path Slack  (Passed)                                                                                       77.968  



+++++++++++++++++++++++++++++++++++++++++++++++++++++++++++++++++++++ 
                    End of Detailed Report for timing paths 
+++++++++++++++++++++++++++++++++++++++++++++++++++++++++++++++++++++ 


##########################################################



===============================================================
3  Hold at Speed Grade m Corner at -40 Degrees
===============================================================

3.1  Endpoint slacks
=======================
-------------------------------------------------------
          Listing 10 End Points          |    Slack    
-------------------------------------------------------
coretest/leftTemp_i0_i6/D                |    1.743 ns 
coretest/leftTemp_i0_i7/D                |    1.743 ns 
coretest/leftTemp_i0_i4/D                |    1.743 ns 
coretest/leftTemp_i0_i5/D                |    1.743 ns 
coretest/leftTemp_i0_i2/D                |    1.743 ns 
coretest/leftTemp_i0_i3/D                |    1.743 ns 
coretest/leftTemp_i0_i1/D                |    1.743 ns 
coretest/leftTemp_i0_i0/D                |    1.743 ns 
coretest/finalVal_i0_i0/D                |    1.743 ns 
coretest/finalVal_i0_i1/D                |    1.743 ns 
-------------------------------------------------------
                                         |             
Hold # of endpoints with negative slack: |           0 
                                         |             
-------------------------------------------------------

3.2  Detailed Report
=======================


XXXXXXXXXXXXXXXXXXXXXXXXXXXXXXXXXXXXXXXXXXXXXXXXXXXXXXXXXX

Detail report of critical paths

XXXXXXXXXXXXXXXXXXXXXXXXXXXXXXXXXXXXXXXXXXXXXXXXXXXXXXXXXX

 +++++++++++++++++++++++++++++++++++++++++++++++++++++++++++++++++++++
                    Detailed Report for timing paths 
 +++++++++++++++++++++++++++++++++++++++++++++++++++++++++++++++++++++

 ++++Path 1  ++++++++++++++++++++++++++++++++++++++++++++++++++++++++++

Path Begin       : nowitllwork/left__i7/Q  (SLICE_R16C5B)
Path End         : coretest/leftTemp_i0_i6/D  (SLICE_R17C5B)
Source Clock     : scki_c (R)
Destination Clock: scki_c (R)
Logic Level      : 2
Delay Ratio      : 40.8% (route), 59.2% (logic)
Clock Skew       : 0.000 ns 
Hold Constraint  : 0.000 ns 
Path Slack       : 1.743 ns  (Passed)


Source Clock Path
Name                                      Cell/Site Name     Delay Name       Incr   Arrival/Required Time  Fanout  
----------------------------------------  -----------------  ---------------  -----  ---------------------  ------  
hf_osc/CLKHF                              HFOSC_HFOSC_R1C32  CLOCK LATENCY    0.000                  0.000  21      
nowitllwork/scki_c                                           NET DELAY        3.084                  3.084  21      
{nowitllwork/left__i7/CK   nowitllwork/left__i8/CK}
                                                             CLOCK PIN        0.000                  3.084  1       


Data Path
Name                                      Cell/Site Name     Delay Name       Incr   Arrival/Required Time  Fanout  
----------------------------------------  -----------------  ---------------  -----  ---------------------  ------  
nowitllwork/left__i7/CK->nowitllwork/left__i7/Q
                                          SLICE_R16C5B       CLK_TO_Q0_DELAY  0.779                  3.863  1       
nowitllwork/left[22]                                         NET DELAY        0.712                  4.575  1       
SLICE_12/D0->SLICE_12/F0                  SLICE_R17C5B       D0_TO_F0_DELAY   0.252                  4.827  1       
left[22].sig_006.FeedThruLUT                                 NET DELAY        0.000                  4.827  1       
coretest/leftTemp_i0_i6/D                                    ENDPOINT         0.000                  4.827  1       


Destination Clock Path
Name                                      Cell/Site Name     Delay Name       Incr   Arrival/Required Time  Fanout  
----------------------------------------  -----------------  ---------------  -----  ---------------------  ------  
                                                             CONSTRAINT       0.000                  0.000  1       
hf_osc/CLKHF                              HFOSC_HFOSC_R1C32  CLOCK LATENCY    0.000                  0.000  21      
nowitllwork/scki_c                                           NET DELAY        3.084                  3.084  21      
{coretest/leftTemp_i0_i6/CK   coretest/leftTemp_i0_i7/CK}
                                                             CLOCK PIN        0.000                  3.084  1       
                                                             Uncertainty      0.000                  3.084  
                                                             Hold time        0.000                  3.084  
----------------------------------------  -----------------  ---------------  -----  ---------------------  ------  
Required Time                                                                                       -3.084  
Arrival Time                                                                                         4.827  
----------------------------------------  -----------------  ---------------  -----  ---------------------  ------  
Path Slack  (Passed)                                                                                 1.743  




++++ Path 2 ++++++++++++++++++++++++++++++++++++++++++++++++++++++++++ 

Path Begin       : nowitllwork/left__i8/Q  (SLICE_R16C5B)
Path End         : coretest/leftTemp_i0_i7/D  (SLICE_R17C5B)
Source Clock     : scki_c (R)
Destination Clock: scki_c (R)
Logic Level      : 2
Delay Ratio      : 40.8% (route), 59.2% (logic)
Clock Skew       : 0.000 ns 
Hold Constraint  : 0.000 ns 
Path Slack       : 1.743 ns  (Passed)


Source Clock Path
Name                                      Cell/Site Name     Delay Name       Incr   Arrival/Required Time  Fanout  
----------------------------------------  -----------------  ---------------  -----  ---------------------  ------  
hf_osc/CLKHF                              HFOSC_HFOSC_R1C32  CLOCK LATENCY    0.000                  0.000  21      
nowitllwork/scki_c                                           NET DELAY        3.084                  3.084  21      
{nowitllwork/left__i7/CK   nowitllwork/left__i8/CK}
                                                             CLOCK PIN        0.000                  3.084  1       


Data Path
Name                                      Cell/Site Name     Delay Name       Incr   Arrival/Required Time  Fanout  
----------------------------------------  -----------------  ---------------  -----  ---------------------  ------  
nowitllwork/left__i8/CK->nowitllwork/left__i8/Q
                                          SLICE_R16C5B       CLK_TO_Q1_DELAY  0.779                  3.863  1       
nowitllwork/left[23]                                         NET DELAY        0.712                  4.575  1       
SLICE_12/D1->SLICE_12/F1                  SLICE_R17C5B       D1_TO_F1_DELAY   0.252                  4.827  1       
left[23].sig_007.FeedThruLUT                                 NET DELAY        0.000                  4.827  1       
coretest/leftTemp_i0_i7/D                                    ENDPOINT         0.000                  4.827  1       


Destination Clock Path
Name                                      Cell/Site Name     Delay Name       Incr   Arrival/Required Time  Fanout  
----------------------------------------  -----------------  ---------------  -----  ---------------------  ------  
                                                             CONSTRAINT       0.000                  0.000  1       
hf_osc/CLKHF                              HFOSC_HFOSC_R1C32  CLOCK LATENCY    0.000                  0.000  21      
nowitllwork/scki_c                                           NET DELAY        3.084                  3.084  21      
{coretest/leftTemp_i0_i6/CK   coretest/leftTemp_i0_i7/CK}
                                                             CLOCK PIN        0.000                  3.084  1       
                                                             Uncertainty      0.000                  3.084  
                                                             Hold time        0.000                  3.084  
----------------------------------------  -----------------  ---------------  -----  ---------------------  ------  
Required Time                                                                                       -3.084  
Arrival Time                                                                                         4.827  
----------------------------------------  -----------------  ---------------  -----  ---------------------  ------  
Path Slack  (Passed)                                                                                 1.743  




++++ Path 3 ++++++++++++++++++++++++++++++++++++++++++++++++++++++++++ 

Path Begin       : nowitllwork/left__i5/Q  (SLICE_R16C5A)
Path End         : coretest/leftTemp_i0_i4/D  (SLICE_R17C5D)
Source Clock     : scki_c (R)
Destination Clock: scki_c (R)
Logic Level      : 2
Delay Ratio      : 40.8% (route), 59.2% (logic)
Clock Skew       : 0.000 ns 
Hold Constraint  : 0.000 ns 
Path Slack       : 1.743 ns  (Passed)


Source Clock Path
Name                                      Cell/Site Name     Delay Name       Incr   Arrival/Required Time  Fanout  
----------------------------------------  -----------------  ---------------  -----  ---------------------  ------  
hf_osc/CLKHF                              HFOSC_HFOSC_R1C32  CLOCK LATENCY    0.000                  0.000  21      
nowitllwork/scki_c                                           NET DELAY        3.084                  3.084  21      
{nowitllwork/left__i5/CK   nowitllwork/left__i6/CK}
                                                             CLOCK PIN        0.000                  3.084  1       


Data Path
Name                                      Cell/Site Name     Delay Name       Incr   Arrival/Required Time  Fanout  
----------------------------------------  -----------------  ---------------  -----  ---------------------  ------  
nowitllwork/left__i5/CK->nowitllwork/left__i5/Q
                                          SLICE_R16C5A       CLK_TO_Q0_DELAY  0.779                  3.863  1       
nowitllwork/left[20]                                         NET DELAY        0.712                  4.575  1       
SLICE_10/D0->SLICE_10/F0                  SLICE_R17C5D       D0_TO_F0_DELAY   0.252                  4.827  1       
left[20].sig_004.FeedThruLUT                                 NET DELAY        0.000                  4.827  1       
coretest/leftTemp_i0_i4/D                                    ENDPOINT         0.000                  4.827  1       


Destination Clock Path
Name                                      Cell/Site Name     Delay Name       Incr   Arrival/Required Time  Fanout  
----------------------------------------  -----------------  ---------------  -----  ---------------------  ------  
                                                             CONSTRAINT       0.000                  0.000  1       
hf_osc/CLKHF                              HFOSC_HFOSC_R1C32  CLOCK LATENCY    0.000                  0.000  21      
nowitllwork/scki_c                                           NET DELAY        3.084                  3.084  21      
{coretest/leftTemp_i0_i4/CK   coretest/leftTemp_i0_i5/CK}
                                                             CLOCK PIN        0.000                  3.084  1       
                                                             Uncertainty      0.000                  3.084  
                                                             Hold time        0.000                  3.084  
----------------------------------------  -----------------  ---------------  -----  ---------------------  ------  
Required Time                                                                                       -3.084  
Arrival Time                                                                                         4.827  
----------------------------------------  -----------------  ---------------  -----  ---------------------  ------  
Path Slack  (Passed)                                                                                 1.743  




++++ Path 4 ++++++++++++++++++++++++++++++++++++++++++++++++++++++++++ 

Path Begin       : nowitllwork/left__i6/Q  (SLICE_R16C5A)
Path End         : coretest/leftTemp_i0_i5/D  (SLICE_R17C5D)
Source Clock     : scki_c (R)
Destination Clock: scki_c (R)
Logic Level      : 2
Delay Ratio      : 40.8% (route), 59.2% (logic)
Clock Skew       : 0.000 ns 
Hold Constraint  : 0.000 ns 
Path Slack       : 1.743 ns  (Passed)


Source Clock Path
Name                                      Cell/Site Name     Delay Name       Incr   Arrival/Required Time  Fanout  
----------------------------------------  -----------------  ---------------  -----  ---------------------  ------  
hf_osc/CLKHF                              HFOSC_HFOSC_R1C32  CLOCK LATENCY    0.000                  0.000  21      
nowitllwork/scki_c                                           NET DELAY        3.084                  3.084  21      
{nowitllwork/left__i5/CK   nowitllwork/left__i6/CK}
                                                             CLOCK PIN        0.000                  3.084  1       


Data Path
Name                                      Cell/Site Name     Delay Name       Incr   Arrival/Required Time  Fanout  
----------------------------------------  -----------------  ---------------  -----  ---------------------  ------  
nowitllwork/left__i6/CK->nowitllwork/left__i6/Q
                                          SLICE_R16C5A       CLK_TO_Q1_DELAY  0.779                  3.863  1       
nowitllwork/left[21]                                         NET DELAY        0.712                  4.575  1       
SLICE_10/D1->SLICE_10/F1                  SLICE_R17C5D       D1_TO_F1_DELAY   0.252                  4.827  1       
left[21].sig_005.FeedThruLUT                                 NET DELAY        0.000                  4.827  1       
coretest/leftTemp_i0_i5/D                                    ENDPOINT         0.000                  4.827  1       


Destination Clock Path
Name                                      Cell/Site Name     Delay Name       Incr   Arrival/Required Time  Fanout  
----------------------------------------  -----------------  ---------------  -----  ---------------------  ------  
                                                             CONSTRAINT       0.000                  0.000  1       
hf_osc/CLKHF                              HFOSC_HFOSC_R1C32  CLOCK LATENCY    0.000                  0.000  21      
nowitllwork/scki_c                                           NET DELAY        3.084                  3.084  21      
{coretest/leftTemp_i0_i4/CK   coretest/leftTemp_i0_i5/CK}
                                                             CLOCK PIN        0.000                  3.084  1       
                                                             Uncertainty      0.000                  3.084  
                                                             Hold time        0.000                  3.084  
----------------------------------------  -----------------  ---------------  -----  ---------------------  ------  
Required Time                                                                                       -3.084  
Arrival Time                                                                                         4.827  
----------------------------------------  -----------------  ---------------  -----  ---------------------  ------  
Path Slack  (Passed)                                                                                 1.743  




++++ Path 5 ++++++++++++++++++++++++++++++++++++++++++++++++++++++++++ 

Path Begin       : nowitllwork/left__i3/Q  (SLICE_R16C5C)
Path End         : coretest/leftTemp_i0_i2/D  (SLICE_R17C5A)
Source Clock     : scki_c (R)
Destination Clock: scki_c (R)
Logic Level      : 2
Delay Ratio      : 40.8% (route), 59.2% (logic)
Clock Skew       : 0.000 ns 
Hold Constraint  : 0.000 ns 
Path Slack       : 1.743 ns  (Passed)


Source Clock Path
Name                                      Cell/Site Name     Delay Name       Incr   Arrival/Required Time  Fanout  
----------------------------------------  -----------------  ---------------  -----  ---------------------  ------  
hf_osc/CLKHF                              HFOSC_HFOSC_R1C32  CLOCK LATENCY    0.000                  0.000  21      
nowitllwork/scki_c                                           NET DELAY        3.084                  3.084  21      
{nowitllwork/left__i3/CK   nowitllwork/left__i4/CK}
                                                             CLOCK PIN        0.000                  3.084  1       


Data Path
Name                                      Cell/Site Name     Delay Name       Incr   Arrival/Required Time  Fanout  
----------------------------------------  -----------------  ---------------  -----  ---------------------  ------  
nowitllwork/left__i3/CK->nowitllwork/left__i3/Q
                                          SLICE_R16C5C       CLK_TO_Q0_DELAY  0.779                  3.863  1       
nowitllwork/left[18]                                         NET DELAY        0.712                  4.575  1       
SLICE_8/D0->SLICE_8/F0                    SLICE_R17C5A       D0_TO_F0_DELAY   0.252                  4.827  1       
left[18].sig_002.FeedThruLUT                                 NET DELAY        0.000                  4.827  1       
coretest/leftTemp_i0_i2/D                                    ENDPOINT         0.000                  4.827  1       


Destination Clock Path
Name                                      Cell/Site Name     Delay Name       Incr   Arrival/Required Time  Fanout  
----------------------------------------  -----------------  ---------------  -----  ---------------------  ------  
                                                             CONSTRAINT       0.000                  0.000  1       
hf_osc/CLKHF                              HFOSC_HFOSC_R1C32  CLOCK LATENCY    0.000                  0.000  21      
nowitllwork/scki_c                                           NET DELAY        3.084                  3.084  21      
{coretest/leftTemp_i0_i2/CK   coretest/leftTemp_i0_i3/CK}
                                                             CLOCK PIN        0.000                  3.084  1       
                                                             Uncertainty      0.000                  3.084  
                                                             Hold time        0.000                  3.084  
----------------------------------------  -----------------  ---------------  -----  ---------------------  ------  
Required Time                                                                                       -3.084  
Arrival Time                                                                                         4.827  
----------------------------------------  -----------------  ---------------  -----  ---------------------  ------  
Path Slack  (Passed)                                                                                 1.743  




++++ Path 6 ++++++++++++++++++++++++++++++++++++++++++++++++++++++++++ 

Path Begin       : nowitllwork/left__i4/Q  (SLICE_R16C5C)
Path End         : coretest/leftTemp_i0_i3/D  (SLICE_R17C5A)
Source Clock     : scki_c (R)
Destination Clock: scki_c (R)
Logic Level      : 2
Delay Ratio      : 40.8% (route), 59.2% (logic)
Clock Skew       : 0.000 ns 
Hold Constraint  : 0.000 ns 
Path Slack       : 1.743 ns  (Passed)


Source Clock Path
Name                                      Cell/Site Name     Delay Name       Incr   Arrival/Required Time  Fanout  
----------------------------------------  -----------------  ---------------  -----  ---------------------  ------  
hf_osc/CLKHF                              HFOSC_HFOSC_R1C32  CLOCK LATENCY    0.000                  0.000  21      
nowitllwork/scki_c                                           NET DELAY        3.084                  3.084  21      
{nowitllwork/left__i3/CK   nowitllwork/left__i4/CK}
                                                             CLOCK PIN        0.000                  3.084  1       


Data Path
Name                                      Cell/Site Name     Delay Name       Incr   Arrival/Required Time  Fanout  
----------------------------------------  -----------------  ---------------  -----  ---------------------  ------  
nowitllwork/left__i4/CK->nowitllwork/left__i4/Q
                                          SLICE_R16C5C       CLK_TO_Q1_DELAY  0.779                  3.863  1       
nowitllwork/left[19]                                         NET DELAY        0.712                  4.575  1       
SLICE_8/D1->SLICE_8/F1                    SLICE_R17C5A       D1_TO_F1_DELAY   0.252                  4.827  1       
left[19].sig_003.FeedThruLUT                                 NET DELAY        0.000                  4.827  1       
coretest/leftTemp_i0_i3/D                                    ENDPOINT         0.000                  4.827  1       


Destination Clock Path
Name                                      Cell/Site Name     Delay Name       Incr   Arrival/Required Time  Fanout  
----------------------------------------  -----------------  ---------------  -----  ---------------------  ------  
                                                             CONSTRAINT       0.000                  0.000  1       
hf_osc/CLKHF                              HFOSC_HFOSC_R1C32  CLOCK LATENCY    0.000                  0.000  21      
nowitllwork/scki_c                                           NET DELAY        3.084                  3.084  21      
{coretest/leftTemp_i0_i2/CK   coretest/leftTemp_i0_i3/CK}
                                                             CLOCK PIN        0.000                  3.084  1       
                                                             Uncertainty      0.000                  3.084  
                                                             Hold time        0.000                  3.084  
----------------------------------------  -----------------  ---------------  -----  ---------------------  ------  
Required Time                                                                                       -3.084  
Arrival Time                                                                                         4.827  
----------------------------------------  -----------------  ---------------  -----  ---------------------  ------  
Path Slack  (Passed)                                                                                 1.743  




++++ Path 7 ++++++++++++++++++++++++++++++++++++++++++++++++++++++++++ 

Path Begin       : nowitllwork/left__i2/Q  (SLICE_R16C5D)
Path End         : coretest/leftTemp_i0_i1/D  (SLICE_R17C5C)
Source Clock     : scki_c (R)
Destination Clock: scki_c (R)
Logic Level      : 2
Delay Ratio      : 40.8% (route), 59.2% (logic)
Clock Skew       : 0.000 ns 
Hold Constraint  : 0.000 ns 
Path Slack       : 1.743 ns  (Passed)


Source Clock Path
Name                                      Cell/Site Name     Delay Name       Incr   Arrival/Required Time  Fanout  
----------------------------------------  -----------------  ---------------  -----  ---------------------  ------  
hf_osc/CLKHF                              HFOSC_HFOSC_R1C32  CLOCK LATENCY    0.000                  0.000  21      
nowitllwork/scki_c                                           NET DELAY        3.084                  3.084  21      
{nowitllwork/left__i1/CK   nowitllwork/left__i2/CK}
                                                             CLOCK PIN        0.000                  3.084  1       


Data Path
Name                                      Cell/Site Name     Delay Name       Incr   Arrival/Required Time  Fanout  
----------------------------------------  -----------------  ---------------  -----  ---------------------  ------  
nowitllwork/left__i2/CK->nowitllwork/left__i2/Q
                                          SLICE_R16C5D       CLK_TO_Q1_DELAY  0.779                  3.863  1       
nowitllwork/left[17]                                         NET DELAY        0.712                  4.575  1       
SLICE_7/D0->SLICE_7/F0                    SLICE_R17C5C       D0_TO_F0_DELAY   0.252                  4.827  1       
left[17].sig_001.FeedThruLUT                                 NET DELAY        0.000                  4.827  1       
coretest/leftTemp_i0_i1/D                                    ENDPOINT         0.000                  4.827  1       


Destination Clock Path
Name                                      Cell/Site Name     Delay Name       Incr   Arrival/Required Time  Fanout  
----------------------------------------  -----------------  ---------------  -----  ---------------------  ------  
                                                             CONSTRAINT       0.000                  0.000  1       
hf_osc/CLKHF                              HFOSC_HFOSC_R1C32  CLOCK LATENCY    0.000                  0.000  21      
nowitllwork/scki_c                                           NET DELAY        3.084                  3.084  21      
{coretest/leftTemp_i0_i1/CK   coretest/leftTemp_i0_i0/CK}
                                                             CLOCK PIN        0.000                  3.084  1       
                                                             Uncertainty      0.000                  3.084  
                                                             Hold time        0.000                  3.084  
----------------------------------------  -----------------  ---------------  -----  ---------------------  ------  
Required Time                                                                                       -3.084  
Arrival Time                                                                                         4.827  
----------------------------------------  -----------------  ---------------  -----  ---------------------  ------  
Path Slack  (Passed)                                                                                 1.743  




++++ Path 8 ++++++++++++++++++++++++++++++++++++++++++++++++++++++++++ 

Path Begin       : nowitllwork/left__i1/Q  (SLICE_R16C5D)
Path End         : coretest/leftTemp_i0_i0/D  (SLICE_R17C5C)
Source Clock     : scki_c (R)
Destination Clock: scki_c (R)
Logic Level      : 2
Delay Ratio      : 40.8% (route), 59.2% (logic)
Clock Skew       : 0.000 ns 
Hold Constraint  : 0.000 ns 
Path Slack       : 1.743 ns  (Passed)


Source Clock Path
Name                                      Cell/Site Name     Delay Name       Incr   Arrival/Required Time  Fanout  
----------------------------------------  -----------------  ---------------  -----  ---------------------  ------  
hf_osc/CLKHF                              HFOSC_HFOSC_R1C32  CLOCK LATENCY    0.000                  0.000  21      
nowitllwork/scki_c                                           NET DELAY        3.084                  3.084  21      
{nowitllwork/left__i1/CK   nowitllwork/left__i2/CK}
                                                             CLOCK PIN        0.000                  3.084  1       


Data Path
Name                                      Cell/Site Name     Delay Name       Incr   Arrival/Required Time  Fanout  
----------------------------------------  -----------------  ---------------  -----  ---------------------  ------  
nowitllwork/left__i1/CK->nowitllwork/left__i1/Q
                                          SLICE_R16C5D       CLK_TO_Q0_DELAY  0.779                  3.863  1       
nowitllwork/left[16]                                         NET DELAY        0.712                  4.575  1       
SLICE_7/D1->SLICE_7/F1                    SLICE_R17C5C       D1_TO_F1_DELAY   0.252                  4.827  1       
left[16].sig_015.FeedThruLUT                                 NET DELAY        0.000                  4.827  1       
coretest/leftTemp_i0_i0/D                                    ENDPOINT         0.000                  4.827  1       


Destination Clock Path
Name                                      Cell/Site Name     Delay Name       Incr   Arrival/Required Time  Fanout  
----------------------------------------  -----------------  ---------------  -----  ---------------------  ------  
                                                             CONSTRAINT       0.000                  0.000  1       
hf_osc/CLKHF                              HFOSC_HFOSC_R1C32  CLOCK LATENCY    0.000                  0.000  21      
nowitllwork/scki_c                                           NET DELAY        3.084                  3.084  21      
{coretest/leftTemp_i0_i1/CK   coretest/leftTemp_i0_i0/CK}
                                                             CLOCK PIN        0.000                  3.084  1       
                                                             Uncertainty      0.000                  3.084  
                                                             Hold time        0.000                  3.084  
----------------------------------------  -----------------  ---------------  -----  ---------------------  ------  
Required Time                                                                                       -3.084  
Arrival Time                                                                                         4.827  
----------------------------------------  -----------------  ---------------  -----  ---------------------  ------  
Path Slack  (Passed)                                                                                 1.743  




++++ Path 9 ++++++++++++++++++++++++++++++++++++++++++++++++++++++++++ 

Path Begin       : coretest/leftTemp_i0_i0/Q  (SLICE_R17C5C)
Path End         : coretest/finalVal_i0_i0/D  (SLICE_R18C5A)
Source Clock     : scki_c (R)
Destination Clock: scki_c (R)
Logic Level      : 2
Delay Ratio      : 40.8% (route), 59.2% (logic)
Clock Skew       : 0.000 ns 
Hold Constraint  : 0.000 ns 
Path Slack       : 1.743 ns  (Passed)


Source Clock Path
Name                                      Cell/Site Name     Delay Name       Incr   Arrival/Required Time  Fanout  
----------------------------------------  -----------------  ---------------  -----  ---------------------  ------  
hf_osc/CLKHF                              HFOSC_HFOSC_R1C32  CLOCK LATENCY    0.000                  0.000  21      
nowitllwork/scki_c                                           NET DELAY        3.084                  3.084  21      
{coretest/leftTemp_i0_i1/CK   coretest/leftTemp_i0_i0/CK}
                                                             CLOCK PIN        0.000                  3.084  1       


Data Path
Name                                      Cell/Site Name     Delay Name       Incr   Arrival/Required Time  Fanout  
----------------------------------------  -----------------  ---------------  -----  ---------------------  ------  
coretest/leftTemp_i0_i0/CK->coretest/leftTemp_i0_i0/Q
                                          SLICE_R17C5C       CLK_TO_Q1_DELAY  0.779                  3.863  1       
coretest/leftTemp[0]                                         NET DELAY        0.712                  4.575  1       
coretest.SLICE_6/D0->coretest.SLICE_6/F0  SLICE_R18C5A       D0_TO_F0_DELAY   0.252                  4.827  1       
coretest.leftTemp[0].sig_000.FeedThruLUT                     NET DELAY        0.000                  4.827  1       
coretest/finalVal_i0_i0/D                                    ENDPOINT         0.000                  4.827  1       


Destination Clock Path
Name                                      Cell/Site Name     Delay Name       Incr   Arrival/Required Time  Fanout  
----------------------------------------  -----------------  ---------------  -----  ---------------------  ------  
                                                             CONSTRAINT       0.000                  0.000  1       
hf_osc/CLKHF                              HFOSC_HFOSC_R1C32  CLOCK LATENCY    0.000                  0.000  21      
nowitllwork/scki_c                                           NET DELAY        3.084                  3.084  21      
{coretest/finalVal_i0_i0/CK   coretest/finalVal_i0_i1/CK}
                                                             CLOCK PIN        0.000                  3.084  1       
                                                             Uncertainty      0.000                  3.084  
                                                             Hold time        0.000                  3.084  
----------------------------------------  -----------------  ---------------  -----  ---------------------  ------  
Required Time                                                                                       -3.084  
Arrival Time                                                                                         4.827  
----------------------------------------  -----------------  ---------------  -----  ---------------------  ------  
Path Slack  (Passed)                                                                                 1.743  




++++ Path 10 ++++++++++++++++++++++++++++++++++++++++++++++++++++++++++ 

Path Begin       : coretest/leftTemp_i0_i1/Q  (SLICE_R17C5C)
Path End         : coretest/finalVal_i0_i1/D  (SLICE_R18C5A)
Source Clock     : scki_c (R)
Destination Clock: scki_c (R)
Logic Level      : 2
Delay Ratio      : 40.8% (route), 59.2% (logic)
Clock Skew       : 0.000 ns 
Hold Constraint  : 0.000 ns 
Path Slack       : 1.743 ns  (Passed)


Source Clock Path
Name                                      Cell/Site Name     Delay Name       Incr   Arrival/Required Time  Fanout  
----------------------------------------  -----------------  ---------------  -----  ---------------------  ------  
hf_osc/CLKHF                              HFOSC_HFOSC_R1C32  CLOCK LATENCY    0.000                  0.000  21      
nowitllwork/scki_c                                           NET DELAY        3.084                  3.084  21      
{coretest/leftTemp_i0_i1/CK   coretest/leftTemp_i0_i0/CK}
                                                             CLOCK PIN        0.000                  3.084  1       


Data Path
Name                                      Cell/Site Name     Delay Name       Incr   Arrival/Required Time  Fanout  
----------------------------------------  -----------------  ---------------  -----  ---------------------  ------  
coretest/leftTemp_i0_i1/CK->coretest/leftTemp_i0_i1/Q
                                          SLICE_R17C5C       CLK_TO_Q0_DELAY  0.779                  3.863  1       
coretest/leftTemp[1]                                         NET DELAY        0.712                  4.575  1       
coretest.SLICE_6/D1->coretest.SLICE_6/F1  SLICE_R18C5A       D1_TO_F1_DELAY   0.252                  4.827  1       
coretest.leftTemp[1].sig_008.FeedThruLUT                     NET DELAY        0.000                  4.827  1       
coretest/finalVal_i0_i1/D                                    ENDPOINT         0.000                  4.827  1       


Destination Clock Path
Name                                      Cell/Site Name     Delay Name       Incr   Arrival/Required Time  Fanout  
----------------------------------------  -----------------  ---------------  -----  ---------------------  ------  
                                                             CONSTRAINT       0.000                  0.000  1       
hf_osc/CLKHF                              HFOSC_HFOSC_R1C32  CLOCK LATENCY    0.000                  0.000  21      
nowitllwork/scki_c                                           NET DELAY        3.084                  3.084  21      
{coretest/finalVal_i0_i0/CK   coretest/finalVal_i0_i1/CK}
                                                             CLOCK PIN        0.000                  3.084  1       
                                                             Uncertainty      0.000                  3.084  
                                                             Hold time        0.000                  3.084  
----------------------------------------  -----------------  ---------------  -----  ---------------------  ------  
Required Time                                                                                       -3.084  
Arrival Time                                                                                         4.827  
----------------------------------------  -----------------  ---------------  -----  ---------------------  ------  
Path Slack  (Passed)                                                                                 1.743  



+++++++++++++++++++++++++++++++++++++++++++++++++++++++++++++++++++++ 
                    End of Detailed Report for timing paths 
+++++++++++++++++++++++++++++++++++++++++++++++++++++++++++++++++++++ 


##########################################################



